TestDropbox/app/build/intermediates/manifest_merge_blame_file/debug/manifest-merger-blame-debug-report.txt
1<?xml version="1.0" encoding="utf-8"?>
2<manifest xmlns:android="http://schemas.android.com/apk/res/android"
3    package="com.example.testdropbox"
4    android:versionCode="1"
5    android:versionName="1.0" >
6
7    <uses-sdk
8        android:minSdkVersion="26"
8-->src\main\AndroidManifest.xml
9        android:targetSdkVersion="32" />
9-->src\main\AndroidManifest.xml
10
11    <uses-permission android:name="android.permission.INTERNET" />
11-->src\main\AndroidManifest.xml:5:5-67
11-->src\main\AndroidManifest.xml:5:22-64
12    <uses-permission android:name="android.permission.WRITE_EXTERNAL_STORAGE" />
12-->src\main\AndroidManifest.xml:6:5-81
12-->src\main\AndroidManifest.xml:6:22-78
13    <uses-permission android:name="android.permission.READ_EXTERNAL_STORAGE" />
13-->src\main\AndroidManifest.xml:7:5-80
13-->src\main\AndroidManifest.xml:7:22-77
14    <uses-permission android:name="android.permission.CAMERA" />
14-->src\main\AndroidManifest.xml:8:5-81
14-->src\main\AndroidManifest.xml:8:22-62
15
16    <application
16-->src\main\AndroidManifest.xml:9:5-44:19
17        android:allowBackup="true"
17-->src\main\AndroidManifest.xml:11:9-35
18        android:appComponentFactory="androidx.core.app.CoreComponentFactory"
18-->[androidx.core:core:1.8.0] AndroidManifest.xml:24:18-86
19        android:debuggable="true"
20        android:extractNativeLibs="false"
21        android:icon="@mipmap/ic_launcher"
21-->src\main\AndroidManifest.xml:12:9-43
22        android:label="@string/app_name"
22-->src\main\AndroidManifest.xml:13:9-41
23        android:requestLegacyExternalStorage="true"
23-->src\main\AndroidManifest.xml:10:9-52
24        android:roundIcon="@mipmap/ic_launcher_round"
24-->src\main\AndroidManifest.xml:14:9-54
25        android:supportsRtl="true"
25-->src\main\AndroidManifest.xml:15:9-35
26        android:testOnly="true"
27        android:theme="@style/Theme.MaterialComponents.Light.NoActionBar" >
27-->src\main\AndroidManifest.xml:16:9-74
28        <activity
28-->src\main\AndroidManifest.xml:18:9-20:40
29            android:name="com.example.testdropbox.activity.HomeActivity"
29-->src\main\AndroidManifest.xml:19:13-50
30            android:exported="false" />
30-->src\main\AndroidManifest.xml:20:13-37
31        <activity
31-->src\main\AndroidManifest.xml:21:9-29:20
32            android:name="com.example.testdropbox.activity.MainActivity"
32-->src\main\AndroidManifest.xml:22:13-50
33            android:exported="true" >
33-->src\main\AndroidManifest.xml:23:13-36
34            <intent-filter>
34-->src\main\AndroidManifest.xml:24:13-28:29
35                <action android:name="android.intent.action.MAIN" />
35-->src\main\AndroidManifest.xml:25:17-69
35-->src\main\AndroidManifest.xml:25:25-66
36
37                <category android:name="android.intent.category.LAUNCHER" />
37-->src\main\AndroidManifest.xml:27:17-77
37-->src\main\AndroidManifest.xml:27:27-74
38            </intent-filter>
39        </activity>
40        <activity
40-->src\main\AndroidManifest.xml:30:9-43:20
41            android:name="com.dropbox.core.android.AuthActivity"
41-->src\main\AndroidManifest.xml:31:13-65
42            android:configChanges="orientation|keyboard"
42-->src\main\AndroidManifest.xml:32:13-57
43            android:exported="true"
43-->src\main\AndroidManifest.xml:33:13-36
44            android:launchMode="singleTask" >
44-->src\main\AndroidManifest.xml:34:13-44
45            <intent-filter>
45-->src\main\AndroidManifest.xml:35:13-42:29
46                <data android:scheme="db-2ykcjwfq8554gzg" />
46-->src\main\AndroidManifest.xml:36:17-61
46-->src\main\AndroidManifest.xml:36:23-58
47
48                <action android:name="android.intent.action.VIEW" />
48-->src\main\AndroidManifest.xml:38:17-69
48-->src\main\AndroidManifest.xml:38:25-66
49
50                <category android:name="android.intent.category.BROWSABLE" />
50-->src\main\AndroidManifest.xml:40:17-78
50-->src\main\AndroidManifest.xml:40:27-75
51                <category android:name="android.intent.category.DEFAULT" />
51-->src\main\AndroidManifest.xml:41:17-76
51-->src\main\AndroidManifest.xml:41:27-73
52            </intent-filter>
53        </activity>
54
55        <provider
55-->[io.github.ParkSangGwon:tedbottompicker:2.0.1] AndroidManifest.xml:14:9-22:20
56            android:name="androidx.core.content.FileProvider"
56-->[io.github.ParkSangGwon:tedbottompicker:2.0.1] AndroidManifest.xml:15:13-62
57            android:authorities="com.example.testdropbox.provider"
57-->[io.github.ParkSangGwon:tedbottompicker:2.0.1] AndroidManifest.xml:16:13-60
58            android:exported="false"
58-->[io.github.ParkSangGwon:tedbottompicker:2.0.1] AndroidManifest.xml:17:13-37
59            android:grantUriPermissions="true" >
59-->[io.github.ParkSangGwon:tedbottompicker:2.0.1] AndroidManifest.xml:18:13-47
60            <meta-data
60-->[io.github.ParkSangGwon:tedbottompicker:2.0.1] AndroidManifest.xml:19:13-21:58
61                android:name="android.support.FILE_PROVIDER_PATHS"
61-->[io.github.ParkSangGwon:tedbottompicker:2.0.1] AndroidManifest.xml:20:17-67
62                android:resource="@xml/provider_paths" />
62-->[io.github.ParkSangGwon:tedbottompicker:2.0.1] AndroidManifest.xml:21:17-55
63        </provider>
64
65        <activity
65-->[io.github.ParkSangGwon:tedpermission:3.3.0] AndroidManifest.xml:10:9-14:67
66            android:name="com.gun0912.tedpermission.TedPermissionActivity"
66-->[io.github.ParkSangGwon:tedpermission:3.3.0] AndroidManifest.xml:11:13-75
67            android:configChanges="mcc|mnc|locale|keyboard|keyboardHidden|screenLayout|fontScale|uiMode|orientation|screenSize|layoutDirection"
67-->[io.github.ParkSangGwon:tedpermission:3.3.0] AndroidManifest.xml:12:13-144
68            android:screenOrientation="unspecified"
68-->[io.github.ParkSangGwon:tedpermission:3.3.0] AndroidManifest.xml:13:13-52
69            android:theme="@style/Theme.Transparent.Permission" />
69-->[io.github.ParkSangGwon:tedpermission:3.3.0] AndroidManifest.xml:14:13-64
70
71        <provider
71-->[io.github.ParkSangGwon:tedpermission:3.3.0] AndroidManifest.xml:16:9-19:40
72            android:name="com.gun0912.tedpermission.provider.TedPermissionProvider"
72-->[io.github.ParkSangGwon:tedpermission:3.3.0] AndroidManifest.xml:17:13-84
73            android:authorities="com.example.testdropbox.tedpermissionprovider"
73-->[io.github.ParkSangGwon:tedpermission:3.3.0] AndroidManifest.xml:18:13-73
74            android:exported="false" />
74-->[io.github.ParkSangGwon:tedpermission:3.3.0] AndroidManifest.xml:19:13-37
75
76        <activity
76-->[gun0912.ted:tedonactivityresult:1.0.6] AndroidManifest.xml:10:9-14:75
77            android:name="com.gun0912.tedonactivityresult.ProxyActivity"
77-->[gun0912.ted:tedonactivityresult:1.0.6] AndroidManifest.xml:11:13-73
78            android:configChanges="mcc|mnc|locale|keyboard|keyboardHidden|screenLayout|fontScale|uiMode|orientation|screenSize|layoutDirection"
78-->[gun0912.ted:tedonactivityresult:1.0.6] AndroidManifest.xml:12:13-144
79            android:screenOrientation="unspecified"
79-->[gun0912.ted:tedonactivityresult:1.0.6] AndroidManifest.xml:13:13-52
80            android:theme="@style/android:Theme.Translucent.NoTitleBar" />
80-->[gun0912.ted:tedonactivityresult:1.0.6] AndroidManifest.xml:14:13-72
81
82        <provider
82-->[androidx.emoji2:emoji2:1.2.0] AndroidManifest.xml:24:9-32:20
83            android:name="androidx.startup.InitializationProvider"
83-->[androidx.emoji2:emoji2:1.2.0] AndroidManifest.xml:25:13-67
84            android:authorities="com.example.testdropbox.androidx-startup"
84-->[androidx.emoji2:emoji2:1.2.0] AndroidManifest.xml:26:13-68
85            android:exported="false" >
85-->[androidx.emoji2:emoji2:1.2.0] AndroidManifest.xml:27:13-37
86            <meta-data
86-->[androidx.emoji2:emoji2:1.2.0] AndroidManifest.xml:29:13-31:52
87                android:name="androidx.emoji2.text.EmojiCompatInitializer"
87-->[androidx.emoji2:emoji2:1.2.0] AndroidManifest.xml:30:17-75
88                android:value="androidx.startup" />
88-->[androidx.emoji2:emoji2:1.2.0] AndroidManifest.xml:31:17-49
89            <meta-data
89-->[androidx.lifecycle:lifecycle-process:2.4.1] AndroidManifest.xml:31:13-33:52
90                android:name="androidx.lifecycle.ProcessLifecycleInitializer"
90-->[androidx.lifecycle:lifecycle-process:2.4.1] AndroidManifest.xml:32:17-78
91                android:value="androidx.startup" />
91-->[androidx.lifecycle:lifecycle-process:2.4.1] AndroidManifest.xml:33:17-49
92        </provider>
93    </application>
94
95</manifest>